0 info it worked if it ends with ok
1 verbose cli [ '/Users/Home/.nvm/versions/node/v7.5.0/bin/node',
1 verbose cli   '/Users/Home/.nvm/versions/node/v7.5.0/bin/npm',
1 verbose cli   'start' ]
2 info using npm@4.1.2
3 info using node@v7.5.0
4 verbose run-script [ 'prestart', 'start', 'poststart' ]
5 info lifecycle fcc-learn-npm-package-json@1.0.0~prestart: fcc-learn-npm-package-json@1.0.0
6 silly lifecycle fcc-learn-npm-package-json@1.0.0~prestart: no script for prestart, continuing
7 info lifecycle fcc-learn-npm-package-json@1.0.0~start: fcc-learn-npm-package-json@1.0.0
8 verbose lifecycle fcc-learn-npm-package-json@1.0.0~start: unsafe-perm in lifecycle true
9 verbose lifecycle fcc-learn-npm-package-json@1.0.0~start: PATH: /Users/Home/.nvm/versions/node/v7.5.0/lib/node_modules/npm/bin/node-gyp-bin:/Users/Home/Desktop/Basics/backend/boilerplate-npm-gomix/node_modules/.bin:/Users/Home/.nvm/versions/node/v7.5.0/bin:/opt/local/bin:/opt/local/sbin:/Library/Frameworks/Python.framework/Versions/3.5/bin:/Library/Frameworks/Python.framework/Versions/2.7/bin:/Library/Frameworks/Python.framework/Versions/3.4/bin:/Library/Scala/scala-2.12.1:/usr/local/bin:/usr/bin:/bin:/usr/sbin:/sbin:/opt/X11/bin
10 verbose lifecycle fcc-learn-npm-package-json@1.0.0~start: CWD: /Users/Home/Desktop/Basics/backend/boilerplate-npm-gomix
11 silly lifecycle fcc-learn-npm-package-json@1.0.0~start: Args: [ '-c', 'node server.js' ]
12 silly lifecycle fcc-learn-npm-package-json@1.0.0~start: Returned: code: 1  signal: null
13 info lifecycle fcc-learn-npm-package-json@1.0.0~start: Failed to exec start script
14 verbose stack Error: fcc-learn-npm-package-json@1.0.0 start: `node server.js`
14 verbose stack Exit status 1
14 verbose stack     at EventEmitter.<anonymous> (/Users/Home/.nvm/versions/node/v7.5.0/lib/node_modules/npm/lib/utils/lifecycle.js:279:16)
14 verbose stack     at emitTwo (events.js:106:13)
14 verbose stack     at EventEmitter.emit (events.js:192:7)
14 verbose stack     at ChildProcess.<anonymous> (/Users/Home/.nvm/versions/node/v7.5.0/lib/node_modules/npm/lib/utils/spawn.js:40:14)
14 verbose stack     at emitTwo (events.js:106:13)
14 verbose stack     at ChildProcess.emit (events.js:192:7)
14 verbose stack     at maybeClose (internal/child_process.js:890:16)
14 verbose stack     at Process.ChildProcess._handle.onexit (internal/child_process.js:226:5)
15 verbose pkgid fcc-learn-npm-package-json@1.0.0
16 verbose cwd /Users/Home/Desktop/Basics/backend/boilerplate-npm-gomix
17 error Darwin 16.6.0
18 error argv "/Users/Home/.nvm/versions/node/v7.5.0/bin/node" "/Users/Home/.nvm/versions/node/v7.5.0/bin/npm" "start"
19 error node v7.5.0
20 error npm  v4.1.2
21 error code ELIFECYCLE
22 error fcc-learn-npm-package-json@1.0.0 start: `node server.js`
22 error Exit status 1
23 error Failed at the fcc-learn-npm-package-json@1.0.0 start script 'node server.js'.
23 error Make sure you have the latest version of node.js and npm installed.
23 error If you do, this is most likely a problem with the fcc-learn-npm-package-json package,
23 error not with npm itself.
23 error Tell the author that this fails on your system:
23 error     node server.js
23 error You can get information on how to open an issue for this project with:
23 error     npm bugs fcc-learn-npm-package-json
23 error Or if that isn't available, you can get their info via:
23 error     npm owner ls fcc-learn-npm-package-json
23 error There is likely additional logging output above.
24 verbose exit [ 1, true ]
